TN:
SF:hooks/useStreamingChat.ts
FNF:14
FNH:7
DA:1,13
DA:3,54
DA:4,94
DA:21,23
DA:22,21
DA:23,19
DA:24,20
DA:25,21
DA:26,12
DA:27,2
DA:29,23
DA:30,101
DA:31,69
DA:32,42
DA:34,50
DA:35,36
DA:36,6
DA:38,43
DA:39,38
DA:40,41
DA:41,38
DA:42,4
DA:43,38
DA:44,11
DA:45,22
DA:46,7
DA:47,6
DA:49,40
DA:50,44
DA:51,31
DA:52,0
DA:53,4
DA:55,63
DA:57,25
DA:58,24
DA:59,23
DA:60,24
DA:61,25
DA:62,15
DA:63,7
DA:65,74
DA:67,46
DA:68,14
DA:69,21
DA:70,36
DA:71,48
DA:72,20
DA:73,0
DA:74,0
DA:75,0
DA:76,0
DA:77,9
DA:79,0
DA:80,0
DA:81,0
DA:82,0
DA:83,0
DA:84,9
DA:86,0
DA:87,0
DA:88,0
DA:89,0
DA:90,9
DA:92,0
DA:93,0
DA:94,0
DA:95,0
DA:96,9
DA:98,0
DA:99,9
DA:101,0
DA:102,0
DA:103,0
DA:104,0
DA:105,0
DA:106,0
DA:107,9
DA:109,0
DA:110,0
DA:111,0
DA:112,0
DA:113,0
DA:114,0
DA:115,6
DA:117,5
DA:118,7
DA:120,65
DA:121,40
DA:122,13
DA:123,27
DA:124,44
DA:125,7
DA:126,4
DA:128,39
DA:130,69
DA:131,4
DA:133,12
DA:134,19
DA:135,25
DA:136,17
DA:137,21
DA:138,1
LF:102
LH:71
end_of_record
TN:
SF:lib/constants.ts
FNF:1
FNH:1
DA:6,21
DA:7,79
DA:8,57
DA:9,55
DA:10,41
DA:11,2
DA:14,22
DA:15,15
DA:16,16
DA:17,16
DA:18,14
DA:19,2
DA:22,30
DA:23,31
DA:24,33
DA:25,13
DA:26,2
DA:29,30
DA:31,34
DA:33,40
DA:35,38
DA:37,36
DA:39,19
DA:41,27
DA:43,25
DA:44,2
DA:47,36
DA:49,27
DA:51,17
DA:53,26
DA:54,2
DA:57,32
DA:59,101
DA:61,61
DA:62,1
LF:35
LH:35
end_of_record
TN:
SF:services/chatStreamService.ts
FNF:4
FNH:0
DA:1,51
DA:15,0
DA:16,0
DA:17,0
DA:18,0
DA:19,0
DA:20,0
DA:21,0
DA:22,0
DA:23,0
DA:24,0
DA:25,0
DA:26,0
DA:27,0
DA:28,0
DA:29,0
DA:30,0
DA:31,0
DA:32,0
DA:36,0
DA:37,0
DA:38,0
DA:39,0
DA:40,0
DA:41,0
DA:42,0
DA:43,1
DA:62,0
DA:63,0
DA:64,0
DA:65,0
DA:66,0
DA:67,0
DA:68,0
DA:69,0
DA:70,0
DA:71,0
DA:72,0
DA:73,0
DA:74,0
DA:75,0
DA:76,0
DA:77,0
DA:78,0
DA:79,0
DA:80,0
DA:81,0
DA:82,0
DA:83,0
DA:84,0
DA:85,0
DA:86,0
DA:87,0
DA:88,0
DA:89,0
DA:90,0
DA:91,0
DA:92,0
DA:93,0
DA:94,0
DA:95,0
DA:96,0
DA:97,0
DA:98,0
DA:99,0
DA:100,0
DA:101,0
DA:102,0
DA:103,0
DA:104,0
DA:105,0
DA:106,0
DA:107,0
DA:108,0
DA:109,0
DA:110,0
DA:111,0
DA:112,0
DA:113,0
DA:114,0
DA:115,0
DA:116,0
DA:117,0
DA:118,0
DA:119,0
DA:120,0
DA:121,0
DA:122,0
DA:123,0
DA:124,0
DA:125,0
DA:126,0
DA:127,0
DA:128,0
DA:129,0
DA:130,0
DA:131,0
DA:132,0
DA:133,0
DA:134,0
DA:135,0
DA:136,0
DA:137,0
DA:138,0
DA:139,0
DA:140,0
DA:141,0
DA:142,0
DA:143,0
DA:144,0
DA:145,0
DA:146,0
DA:147,0
DA:148,0
DA:149,0
DA:150,0
DA:151,0
DA:152,0
DA:153,0
DA:154,0
DA:155,0
DA:156,0
DA:157,0
DA:158,0
DA:159,0
DA:160,0
DA:161,0
DA:162,0
DA:163,0
DA:164,0
DA:165,0
DA:166,0
DA:167,0
DA:168,0
DA:169,0
DA:170,0
DA:171,0
DA:172,1
DA:176,0
LF:139
LH:3
end_of_record
TN:
SF:tests/setup.ts
FNF:20
FNH:0
DA:1,17
DA:4,36
DA:6,25
DA:7,0
DA:8,0
DA:9,0
DA:10,0
DA:11,0
DA:12,0
DA:13,0
DA:14,0
DA:15,0
DA:16,5
DA:17,21
DA:18,15
DA:19,15
DA:20,18
DA:21,13
DA:22,16
DA:23,8
DA:24,6
DA:25,17
DA:26,15
DA:27,20
DA:28,17
DA:29,12
DA:30,6
DA:31,18
DA:32,21
DA:33,3
DA:34,3
DA:35,1
DA:37,38
DA:39,27
DA:40,19
DA:41,20
DA:42,19
DA:43,22
DA:44,10
DA:45,3
DA:46,1
DA:49,44
DA:51,53
DA:52,3
DA:53,3
DA:54,2
DA:55,3
DA:56,1
DA:59,50
DA:61,65
DA:62,3
DA:63,3
DA:64,2
DA:65,3
DA:66,1
DA:69,0
DA:70,0
DA:71,0
DA:72,0
DA:73,0
DA:74,0
DA:75,0
DA:76,0
DA:77,0
DA:78,0
DA:80,3
DA:83,30
DA:84,18
DA:85,16
LF:69
LH:50
end_of_record
