TN:
SF:lib/api/client.ts
FNF:4
FNH:0
DA:1,49
DA:2,26
DA:10,86
DA:11,77
DA:12,69
DA:14,40
DA:15,28
DA:16,14
DA:17,36
DA:18,4
DA:20,22
DA:21,3
DA:24,33
DA:25,0
DA:26,0
DA:27,0
DA:28,0
DA:29,0
DA:30,0
DA:31,0
DA:32,0
DA:33,0
DA:34,0
DA:35,0
DA:36,1
DA:39,3
DA:41,34
DA:42,0
DA:43,0
DA:44,0
DA:45,0
DA:46,0
DA:47,0
DA:48,0
DA:49,0
DA:50,0
DA:51,0
DA:52,0
DA:53,1
DA:55,0
DA:56,0
DA:57,0
DA:58,0
DA:59,0
DA:60,0
DA:61,0
DA:62,0
DA:63,0
DA:64,0
DA:65,0
DA:66,0
DA:67,0
DA:68,0
DA:69,0
DA:70,0
DA:71,0
DA:72,0
DA:73,0
DA:74,0
DA:75,0
DA:76,0
DA:77,0
DA:78,0
DA:79,0
DA:80,0
DA:81,0
DA:82,0
DA:83,0
DA:84,0
DA:85,0
DA:86,0
DA:87,0
DA:88,0
DA:89,0
DA:90,0
DA:91,0
DA:92,0
DA:93,0
DA:94,0
DA:95,0
DA:96,0
DA:97,0
DA:100,2
LF:83
LH:18
end_of_record
TN:
SF:lib/api/endpoints.ts
FNF:18
FNH:0
DA:8,27
DA:17,22
DA:23,40
DA:29,40
DA:35,36
DA:41,36
DA:47,50
DA:53,50
DA:59,58
DA:65,36
DA:72,54
DA:83,30
DA:90,19
DA:96,48
DA:103,28
DA:109,44
DA:116,26
DA:122,50
DA:129,29
DA:135,48
DA:142,40
DA:152,24
DA:159,16
DA:167,33
DA:175,21
DA:182,44
DA:189,42
DA:195,44
DA:201,36
DA:207,34
DA:218,28
DA:229,74
DA:236,96
DA:243,42
DA:254,42
DA:261,40
DA:268,54
DA:274,60
DA:281,46
DA:288,62
DA:295,42
DA:302,42
DA:309,42
DA:316,44
DA:323,44
DA:330,46
DA:337,64
DA:348,20
DA:354,40
DA:361,13
DA:368,13
DA:374,44
DA:380,36
DA:390,45
DA:397,27
DA:403,67
DA:409,89
DA:411,81
DA:413,68
DA:419,75
DA:425,85
DA:431,71
DA:437,89
DA:443,73
DA:450,26
DA:461,44
DA:463,44
DA:474,54
DA:481,68
DA:489,72
DA:497,82
DA:504,28
DA:511,34
DA:518,20
DA:525,21
DA:532,19
DA:539,22
DA:546,29
DA:552,50
DA:559,40
DA:566,44
DA:568,44
DA:569,62
DA:570,25
DA:572,26
DA:573,30
DA:574,42
DA:580,33
DA:581,1
LF:89
LH:89
end_of_record
TN:
SF:lib/constants.ts
FNF:2
FNH:2
DA:6,80
DA:7,50
DA:14,29
DA:15,39
DA:16,46
DA:17,57
DA:18,0
DA:19,2
DA:20,2
DA:21,7
DA:25,20
DA:26,8
DA:27,25
DA:29,57
DA:30,55
DA:31,41
DA:32,2
DA:35,22
DA:36,15
DA:37,16
DA:38,16
DA:39,14
DA:40,2
DA:43,30
DA:44,31
DA:45,33
DA:46,13
DA:47,2
DA:50,30
DA:52,34
DA:54,40
DA:56,38
DA:58,36
DA:60,19
DA:62,27
DA:64,25
DA:65,2
DA:68,36
DA:70,27
DA:72,17
DA:74,26
DA:75,2
DA:78,32
DA:80,101
DA:82,61
DA:83,2
DA:86,30
DA:87,55
DA:88,60
DA:89,37
DA:90,10
DA:91,143
DA:92,33
DA:93,2
DA:95,24
DA:96,75
DA:97,1
LF:57
LH:56
end_of_record
TN:
SF:services/auth-service.ts
FNF:14
FNH:12
DA:3,48
DA:4,45
DA:13,28
DA:14,22
DA:15,87
DA:16,14
DA:19,22
DA:20,87
DA:21,14
DA:24,19
DA:25,88
DA:26,14
DA:29,42
DA:30,22
DA:31,50
DA:32,21
DA:34,70
DA:35,60
DA:36,7
DA:37,14
DA:40,7
DA:41,61
DA:42,0
DA:43,0
DA:44,0
DA:45,0
DA:46,2
DA:49,8
DA:50,47
DA:51,53
DA:54,8
DA:55,47
DA:56,0
DA:57,0
DA:58,0
DA:59,0
DA:60,0
DA:61,1
DA:63,1
LF:39
LH:30
end_of_record
TN:
SF:tests/setup.ts
FNF:20
FNH:0
DA:1,17
DA:4,36
DA:6,25
DA:7,0
DA:8,0
DA:9,0
DA:10,0
DA:11,0
DA:12,0
DA:13,0
DA:14,0
DA:15,0
DA:16,5
DA:17,21
DA:18,15
DA:19,15
DA:20,18
DA:21,13
DA:22,16
DA:23,8
DA:24,6
DA:25,17
DA:26,15
DA:27,20
DA:28,17
DA:29,12
DA:30,6
DA:31,18
DA:32,21
DA:33,3
DA:34,3
DA:35,1
DA:37,38
DA:39,27
DA:40,19
DA:41,20
DA:42,19
DA:43,22
DA:44,10
DA:45,3
DA:46,1
DA:49,44
DA:51,53
DA:52,3
DA:53,3
DA:54,2
DA:55,3
DA:56,1
DA:59,50
DA:61,65
DA:62,3
DA:63,3
DA:64,2
DA:65,3
DA:66,1
DA:69,0
DA:70,0
DA:71,0
DA:72,0
DA:73,0
DA:74,0
DA:75,0
DA:76,0
DA:77,0
DA:78,0
DA:80,3
DA:83,30
DA:84,18
DA:85,16
LF:69
LH:50
end_of_record
